root - INFO - -------BBG data analysis started-------
root - INFO - -------BBG Parsing Initiated-------
root - INFO - -------BBG Parsing Finished-------
root - INFO - -------BBG data analysis completed-------
root - INFO - -------Chat data analysis started-------
root - INFO - -------HTML Parsing Initiated-------
root - INFO - -------HTML Parsing Finished-------
root - INFO - -------Chat data analysis finished-------
root - INFO - -------SMS data analysis started-------
root - INFO - -------HTML Parsing Initiated-------
root - INFO - -------HTML Parsing Finished-------
root - INFO - -------SMS data analysis finished-------
root - INFO - -------Email data analysis started-------
root - INFO - -------Email Parsing Initiated-------
root - INFO - -------Email Parsing Finished-------
root - INFO - -------Email data analysis finished-------
root - INFO - -------Patopa data analysis started-------
root - INFO - -------Email Parsing Initiated-------
root - INFO - -------Email Parsing Finished-------
root - INFO - -------Patopa data analysis finished-------
root - INFO - -------BBG data analysis started-------
root - INFO - -------BBG Parsing Initiated-------
root - INFO - -------BBG Parsing Finished-------
root - INFO - -------BBG data analysis completed-------
root - INFO - -------Chat data analysis started-------
root - INFO - -------HTML Parsing Initiated-------
root - INFO - -------HTML Parsing Finished-------
root - INFO - -------Chat data analysis finished-------
root - INFO - -------SMS data analysis started-------
root - INFO - -------HTML Parsing Initiated-------
root - INFO - -------HTML Parsing Finished-------
root - INFO - -------SMS data analysis finished-------
root - INFO - -------Email data analysis started-------
root - INFO - -------Email Parsing Initiated-------
root - INFO - -------Email Parsing Finished-------
root - INFO - -------Email data analysis finished-------
root - INFO - -------Patopa data analysis started-------
root - INFO - -------Email Parsing Initiated-------
root - INFO - -------Email Parsing Finished-------
root - INFO - -------Patopa data analysis finished-------
root - INFO - -------BBG data analysis started-------
root - INFO - -------BBG Parsing Initiated-------
root - INFO - -------BBG Parsing Finished-------
root - INFO - -------BBG data analysis completed-------
root - INFO - -------Chat data analysis started-------
root - INFO - -------HTML Parsing Initiated-------
root - INFO - -------HTML Parsing Finished-------
root - INFO - -------Chat data analysis finished-------
root - INFO - -------SMS data analysis started-------
root - INFO - -------HTML Parsing Initiated-------
root - INFO - -------HTML Parsing Finished-------
root - INFO - -------SMS data analysis finished-------
root - INFO - -------Email data analysis started-------
root - INFO - -------Email Parsing Initiated-------
root - INFO - -------Email Parsing Finished-------
root - INFO - -------Email data analysis finished-------
root - INFO - -------Patopa data analysis started-------
root - INFO - -------Email Parsing Initiated-------
root - INFO - -------Email Parsing Finished-------
root - INFO - -------Patopa data analysis finished-------
